#
# There is insufficient memory for the Java Runtime Environment to continue.
# Native memory allocation (malloc) failed to allocate 725136 bytes for Chunk::new
# Possible reasons:
#   The system is out of physical RAM or swap space
#   The process is running with CompressedOops enabled, and the Java Heap may be blocking the growth of the native heap
# Possible solutions:
#   Reduce memory load on the system
#   Increase physical memory or swap space
#   Check if swap backing store is full
#   Decrease Java heap size (-Xmx/-Xms)
#   Decrease number of Java threads
#   Decrease Java thread stack sizes (-Xss)
#   Set larger code cache with -XX:ReservedCodeCacheSize=
#   JVM is running with Unscaled Compressed Oops mode in which the Java heap is
#     placed in the first 4GB address space. The Java Heap base address is the
#     maximum limit for the native heap growth. Please use -XX:HeapBaseMinAddress
#     to set the Java Heap base and to place the Java Heap above 4GB virtual address.
# This output file may be truncated or incomplete.
#
#  Out of Memory Error (arena.cpp:191), pid=28952, tid=29072
#
# JRE version: OpenJDK Runtime Environment Temurin-17.0.9+9 (17.0.9+9) (build 17.0.9+9)
# Java VM: OpenJDK 64-Bit Server VM Temurin-17.0.9+9 (17.0.9+9, mixed mode, tiered, compressed oops, compressed class ptrs, parallel gc, windows-amd64)
# No core dump will be written. Minidumps are not enabled by default on client versions of Windows
#

---------------  S U M M A R Y ------------

Command Line: --add-modules=ALL-SYSTEM --add-opens=java.base/java.util=ALL-UNNAMED --add-opens=java.base/java.lang=ALL-UNNAMED --add-opens=java.base/sun.nio.fs=ALL-UNNAMED -Declipse.application=org.eclipse.jdt.ls.core.id1 -Dosgi.bundles.defaultStartLevel=4 -Declipse.product=org.eclipse.jdt.ls.core.product -Djava.import.generatesMetadataFilesAtProjectRoot=false -DDetectVMInstallationsJob.disabled=true -Dfile.encoding=utf8 -XX:+UseParallelGC -XX:GCTimeRatio=4 -XX:AdaptiveSizePolicyWeight=90 -Dsun.zip.disableMemoryMapping=true -Xmx1G -Xms100m -Xlog:disable -javaagent:c:\Users\maxim\.vscode\extensions\redhat.java-1.25.1-win32-x64\lombok\lombok-1.18.30.jar c:\Users\maxim\.vscode\extensions\redhat.java-1.25.1-win32-x64\server\plugins\org.eclipse.equinox.launcher_1.6.600.v20231106-1826.jar -configuration c:\Users\maxim\AppData\Roaming\Code\User\globalStorage\redhat.java\1.25.1\config_ss_win -data c:\Users\maxim\AppData\Roaming\Code\User\workspaceStorage\bbbf08e44ac70075ae9bc2900a70960a\redhat.java\ss_ws --stdio

Host: AMD Athlon Silver 3050U with Radeon Graphics   , 2 cores, 3G,  Windows 10 , 64 bit Build 19041 (10.0.19041.3636)
Time: Wed Dec 20 12:14:52 2023 RTZ 2 (s 10 , 64 bit Build 19041 (10.0.19041.3636) elapsed time: 23.861865 seconds (0d 0h 0m 23s)

---------------  T H R E A D  ---------------

Current thread (0x0000025e7ebf9890):  JavaThread "C2 CompilerThread0" daemon [_thread_in_native, id=29072, stack(0x0000009ac7600000,0x0000009ac7700000)]


Current CompileTask:
C2:  23861 3530       4       jdk.internal.jimage.ImageLocation::getFullName (109 bytes)

Stack: [0x0000009ac7600000,0x0000009ac7700000]
Native frames: (J=compiled Java code, j=interpreted, Vv=VM code, C=native code)
V  [jvm.dll+0x67cf49]
V  [jvm.dll+0x83478a]
V  [jvm.dll+0x83624e]
V  [jvm.dll+0x8368b3]
V  [jvm.dll+0x247f1f]
V  [jvm.dll+0xac43c]
V  [jvm.dll+0xaca8c]
V  [jvm.dll+0x367012]
V  [jvm.dll+0x3313ba]
V  [jvm.dll+0x33085a]
V  [jvm.dll+0x21a5b1]
V  [jvm.dll+0x2199d1]
V  [jvm.dll+0x1a57cd]
V  [jvm.dll+0x2297ae]
V  [jvm.dll+0x22797c]
V  [jvm.dll+0x7e9877]
V  [jvm.dll+0x7e3c3a]
V  [jvm.dll+0x67be35]
C  [ucrtbase.dll+0x21bb2]
C  [KERNEL32.DLL+0x17344]
C  [ntdll.dll+0x526b1]


---------------  P R O C E S S  ---------------

Threads class SMR info:
_java_thread_list=0x0000025e05eacdf0, length=24, elements={
0x0000025e68e76e10, 0x0000025e7ebc8740, 0x0000025e7ebcc190, 0x0000025e7ebf39d0,
0x0000025e7ebf4760, 0x0000025e7ebf7300, 0x0000025e7ebf8be0, 0x0000025e7ebf9890,
0x0000025e7ec64510, 0x0000025e7ec651d0, 0x0000025e7eaf0b80, 0x0000025e7f9a3770,
0x0000025e0417e470, 0x0000025e0456b650, 0x0000025e0456c0b0, 0x0000025e047e4f30,
0x0000025e04400310, 0x0000025e043ff3e0, 0x0000025e043fd070, 0x0000025e043fdfa0,
0x0000025e043fe4b0, 0x0000025e043fd580, 0x0000025e043fe9c0, 0x0000025e043ffe00
}

Java Threads: ( => current thread )
  0x0000025e68e76e10 JavaThread "main" [_thread_blocked, id=35928, stack(0x0000009ac6d00000,0x0000009ac6e00000)]
  0x0000025e7ebc8740 JavaThread "Reference Handler" daemon [_thread_blocked, id=32080, stack(0x0000009ac7000000,0x0000009ac7100000)]
  0x0000025e7ebcc190 JavaThread "Finalizer" daemon [_thread_blocked, id=248, stack(0x0000009ac7100000,0x0000009ac7200000)]
  0x0000025e7ebf39d0 JavaThread "Signal Dispatcher" daemon [_thread_blocked, id=23796, stack(0x0000009ac7200000,0x0000009ac7300000)]
  0x0000025e7ebf4760 JavaThread "Attach Listener" daemon [_thread_blocked, id=23440, stack(0x0000009ac7300000,0x0000009ac7400000)]
  0x0000025e7ebf7300 JavaThread "Service Thread" daemon [_thread_blocked, id=31180, stack(0x0000009ac7400000,0x0000009ac7500000)]
  0x0000025e7ebf8be0 JavaThread "Monitor Deflation Thread" daemon [_thread_blocked, id=38136, stack(0x0000009ac7500000,0x0000009ac7600000)]
=>0x0000025e7ebf9890 JavaThread "C2 CompilerThread0" daemon [_thread_in_native, id=29072, stack(0x0000009ac7600000,0x0000009ac7700000)]
  0x0000025e7ec64510 JavaThread "C1 CompilerThread0" daemon [_thread_blocked, id=39496, stack(0x0000009ac7700000,0x0000009ac7800000)]
  0x0000025e7ec651d0 JavaThread "Sweeper thread" daemon [_thread_blocked, id=37716, stack(0x0000009ac7800000,0x0000009ac7900000)]
  0x0000025e7eaf0b80 JavaThread "Common-Cleaner" daemon [_thread_blocked, id=28300, stack(0x0000009ac7900000,0x0000009ac7a00000)]
  0x0000025e7f9a3770 JavaThread "Notification Thread" daemon [_thread_blocked, id=5412, stack(0x0000009ac7a00000,0x0000009ac7b00000)]
  0x0000025e0417e470 JavaThread "Active Thread: Equinox Container: 559ec7c0-cdb7-4f22-b298-26ccf7f0c1d5" [_thread_blocked, id=25288, stack(0x0000009ac7d00000,0x0000009ac7e00000)]
  0x0000025e0456b650 JavaThread "Framework Event Dispatcher: Equinox Container: 559ec7c0-cdb7-4f22-b298-26ccf7f0c1d5" daemon [_thread_blocked, id=14912, stack(0x0000009ac7e00000,0x0000009ac7f00000)]
  0x0000025e0456c0b0 JavaThread "Start Level: Equinox Container: 559ec7c0-cdb7-4f22-b298-26ccf7f0c1d5" daemon [_thread_blocked, id=38320, stack(0x0000009ac7f00000,0x0000009ac8000000)]
  0x0000025e047e4f30 JavaThread "SCR Component Actor" daemon [_thread_blocked, id=10760, stack(0x0000009ac8000000,0x0000009ac8100000)]
  0x0000025e04400310 JavaThread "Worker-JM" [_thread_blocked, id=28768, stack(0x0000009ac8200000,0x0000009ac8300000)]
  0x0000025e043ff3e0 JavaThread "Worker-0: Initialize Workspace" [_thread_in_native, id=31876, stack(0x0000009ac8300000,0x0000009ac8400000)]
  0x0000025e043fd070 JavaThread "Worker-1" [_thread_blocked, id=31540, stack(0x0000009ac8400000,0x0000009ac8500000)]
  0x0000025e043fdfa0 JavaThread "Worker-2" [_thread_blocked, id=27696, stack(0x0000009ac8500000,0x0000009ac8600000)]
  0x0000025e043fe4b0 JavaThread "JNA Cleaner" daemon [_thread_blocked, id=36028, stack(0x0000009ac8100000,0x0000009ac8200000)]
  0x0000025e043fd580 JavaThread "pool-2-thread-1" [_thread_blocked, id=15560, stack(0x0000009ac8600000,0x0000009ac8700000)]
  0x0000025e043fe9c0 JavaThread "WorkspaceEventsHandler" [_thread_blocked, id=31136, stack(0x0000009ac8700000,0x0000009ac8800000)]
  0x0000025e043ffe00 JavaThread "pool-1-thread-1" [_thread_in_native, id=18936, stack(0x0000009ac8800000,0x0000009ac8900000)]

Other Threads:
  0x0000025e7eb40ab0 VMThread "VM Thread" [stack: 0x0000009ac6f00000,0x0000009ac7000000] [id=24124]
  0x0000025e7f9c6ee0 WatcherThread [stack: 0x0000009ac7b00000,0x0000009ac7c00000] [id=26888]
  0x0000025e68e8c030 GCTaskThread "GC Thread#0" [stack: 0x0000009ac6e00000,0x0000009ac6f00000] [id=572]
  0x0000025e0442f050 GCTaskThread "GC Thread#1" [stack: 0x0000009ac7c00000,0x0000009ac7d00000] [id=39656]

Threads with active compile tasks:
C2 CompilerThread0    23901 3530       4       jdk.internal.jimage.ImageLocation::getFullName (109 bytes)

VM state: not at safepoint (normal execution)

VM Mutex/Monitor currently owned by a thread: None

Heap address: 0x00000000c0000000, size: 1024 MB, Compressed Oops mode: 32-bit

CDS archive(s) not mapped
Compressed class space mapped at: 0x0000000100000000-0x0000000140000000, reserved size: 1073741824
Narrow klass base: 0x0000000000000000, Narrow klass shift: 3, Narrow klass range: 0x140000000

GC Precious Log:
 CPUs: 2 total, 2 available
 Memory: 3463M
 Large Page Support: Disabled
 NUMA Support: Disabled
 Compressed Oops: Enabled (32-bit)
 Alignments: Space 512K, Generation 512K, Heap 2M
 Heap Min Capacity: 100M
 Heap Initial Capacity: 100M
 Heap Max Capacity: 1G
 Pre-touch: Disabled
 Parallel Workers: 2

Heap:
 PSYoungGen      total 26112K, used 4647K [0x00000000eab00000, 0x00000000ec700000, 0x0000000100000000)
  eden space 23552K, 10% used [0x00000000eab00000,0x00000000ead69c48,0x00000000ec200000)
  from space 2560K, 85% used [0x00000000ec300000,0x00000000ec520020,0x00000000ec580000)
  to   space 1536K, 0% used [0x00000000ec580000,0x00000000ec580000,0x00000000ec700000)
 ParOldGen       total 68608K, used 11119K [0x00000000c0000000, 0x00000000c4300000, 0x00000000eab00000)
  object space 68608K, 16% used [0x00000000c0000000,0x00000000c0adbc60,0x00000000c4300000)
 Metaspace       used 36656K, committed 37376K, reserved 1114112K
  class space    used 3720K, committed 4032K, reserved 1048576K

Card table byte_map: [0x0000025e7c500000,0x0000025e7c710000] _byte_map_base: 0x0000025e7bf00000

Marking Bits: (ParMarkBitMap*) 0x00007ffede40d0b0
 Begin Bits: [0x0000025e7c870000, 0x0000025e7d870000)
 End Bits:   [0x0000025e7d870000, 0x0000025e7e870000)

Polling page: 0x0000025e68c40000

Metaspace:

Usage:
  Non-class:     32.16 MB used.
      Class:      3.63 MB used.
       Both:     35.80 MB used.

Virtual space:
  Non-class space:       64.00 MB reserved,      32.56 MB ( 51%) committed,  1 nodes.
      Class space:        1.00 GB reserved,       3.94 MB ( <1%) committed,  1 nodes.
             Both:        1.06 GB reserved,      36.50 MB (  3%) committed. 

Chunk freelists:
   Non-Class:  14.94 MB
       Class:  11.88 MB
        Both:  26.82 MB

MaxMetaspaceSize: unlimited
CompressedClassSpaceSize: 1.00 GB
Initial GC threshold: 21.00 MB
Current GC threshold: 58.38 MB
CDS: off
MetaspaceReclaimPolicy: balanced
 - commit_granule_bytes: 65536.
 - commit_granule_words: 8192.
 - virtual_space_node_default_size: 8388608.
 - enlarge_chunks_in_place: 1.
 - new_chunks_are_fully_committed: 0.
 - uncommit_free_chunks: 1.
 - use_allocation_guard: 0.
 - handle_deallocations: 1.


Internal statistics:

num_allocs_failed_limit: 6.
num_arena_births: 356.
num_arena_deaths: 14.
num_vsnodes_births: 2.
num_vsnodes_deaths: 0.
num_space_committed: 584.
num_space_uncommitted: 0.
num_chunks_returned_to_freelist: 20.
num_chunks_taken_from_freelist: 1485.
num_chunk_merges: 10.
num_chunk_splits: 982.
num_chunks_enlarged: 656.
num_inconsistent_stats: 0.

CodeHeap 'non-profiled nmethods': size=120064Kb used=1495Kb max_used=1495Kb free=118568Kb
 bounds [0x0000025e74de0000, 0x0000025e75050000, 0x0000025e7c320000]
CodeHeap 'profiled nmethods': size=120000Kb used=7350Kb max_used=7350Kb free=112649Kb
 bounds [0x0000025e6d320000, 0x0000025e6da50000, 0x0000025e74850000]
CodeHeap 'non-nmethods': size=5696Kb used=1270Kb max_used=1287Kb free=4425Kb
 bounds [0x0000025e74850000, 0x0000025e74ac0000, 0x0000025e74de0000]
 total_blobs=4128 nmethods=3534 adapters=508
 compilation: enabled
              stopped_count=0, restarted_count=0
 full_count=0

Compilation events (20 events):
Event: 23.836 Thread 0x0000025e7ec64510 3542       3       org.eclipse.jdt.internal.core.JavaElement::<init> (10 bytes)
Event: 23.836 Thread 0x0000025e7ec64510 nmethod 3542 0x0000025e6da48990 code [0x0000025e6da48b60, 0x0000025e6da48f68]
Event: 23.836 Thread 0x0000025e7ec64510 3543       3       org.eclipse.jdt.internal.core.Openable::<init> (6 bytes)
Event: 23.836 Thread 0x0000025e7ec64510 nmethod 3543 0x0000025e6da49110 code [0x0000025e6da492e0, 0x0000025e6da49728]
Event: 23.839 Thread 0x0000025e7ec64510 3544       3       java.lang.invoke.InfoFromMemberName::getModifiers (8 bytes)
Event: 23.839 Thread 0x0000025e7ec64510 nmethod 3544 0x0000025e6da49910 code [0x0000025e6da49aa0, 0x0000025e6da49c18]
Event: 23.839 Thread 0x0000025e7ec64510 3545       3       java.util.ImmutableCollections$Set12::<init> (53 bytes)
Event: 23.839 Thread 0x0000025e7ec64510 nmethod 3545 0x0000025e6da49d10 code [0x0000025e6da49fc0, 0x0000025e6da4abc8]
Event: 23.840 Thread 0x0000025e7ec64510 3546       3       org.eclipse.core.internal.registry.ReferenceMap::newEntry (62 bytes)
Event: 23.841 Thread 0x0000025e7ec64510 nmethod 3546 0x0000025e6da4b010 code [0x0000025e6da4b200, 0x0000025e6da4b798]
Event: 23.841 Thread 0x0000025e7ec64510 3547       3       org.eclipse.core.internal.registry.TableReader::readArray (42 bytes)
Event: 23.841 Thread 0x0000025e7ec64510 nmethod 3547 0x0000025e6da4b990 code [0x0000025e6da4bb60, 0x0000025e6da4bef8]
Event: 23.841 Thread 0x0000025e7ec64510 3548       3       org.eclipse.core.internal.registry.TableReader::getObjectFactory (8 bytes)
Event: 23.841 Thread 0x0000025e7ec64510 nmethod 3548 0x0000025e6da4c090 code [0x0000025e6da4c240, 0x0000025e6da4c448]
Event: 23.841 Thread 0x0000025e7ec64510 3549       3       org.eclipse.core.internal.registry.RegistryObject::<init> (35 bytes)
Event: 23.841 Thread 0x0000025e7ec64510 nmethod 3549 0x0000025e6da4c590 code [0x0000025e6da4c740, 0x0000025e6da4c9d8]
Event: 23.842 Thread 0x0000025e7ec64510 3550       3       org.eclipse.core.internal.registry.RegistryObject::setExtraDataOffset (71 bytes)
Event: 23.842 Thread 0x0000025e7ec64510 nmethod 3550 0x0000025e6da4cb10 code [0x0000025e6da4ccc0, 0x0000025e6da4cf68]
Event: 23.843 Thread 0x0000025e7ec64510 3551  s    3       org.eclipse.core.internal.registry.RegistryObjectManager::add (49 bytes)
Event: 23.843 Thread 0x0000025e7ec64510 nmethod 3551 0x0000025e6da4d090 code [0x0000025e6da4d260, 0x0000025e6da4d778]

GC Heap History (20 events):
Event: 7.970 GC heap before
{Heap before GC invocations=2 (full 0):
 PSYoungGen      total 29696K, used 28764K [0x00000000eab00000, 0x00000000ecc00000, 0x0000000100000000)
  eden space 25600K, 100% used [0x00000000eab00000,0x00000000ec400000,0x00000000ec400000)
  from space 4096K, 77% used [0x00000000ec400000,0x00000000ec717090,0x00000000ec800000)
  to   space 4096K, 0% used [0x00000000ec800000,0x00000000ec800000,0x00000000ecc00000)
 ParOldGen       total 68608K, used 0K [0x00000000c0000000, 0x00000000c4300000, 0x00000000eab00000)
  object space 68608K, 0% used [0x00000000c0000000,0x00000000c0000000,0x00000000c4300000)
 Metaspace       used 15294K, committed 15488K, reserved 1114112K
  class space    used 1551K, committed 1664K, reserved 1048576K
}
Event: 7.979 GC heap after
{Heap after GC invocations=2 (full 0):
 PSYoungGen      total 29696K, used 4082K [0x00000000eab00000, 0x00000000ecc00000, 0x0000000100000000)
  eden space 25600K, 0% used [0x00000000eab00000,0x00000000eab00000,0x00000000ec400000)
  from space 4096K, 99% used [0x00000000ec800000,0x00000000ecbfc8e8,0x00000000ecc00000)
  to   space 4096K, 0% used [0x00000000ec400000,0x00000000ec400000,0x00000000ec800000)
 ParOldGen       total 68608K, used 708K [0x00000000c0000000, 0x00000000c4300000, 0x00000000eab00000)
  object space 68608K, 1% used [0x00000000c0000000,0x00000000c00b1350,0x00000000c4300000)
 Metaspace       used 15294K, committed 15488K, reserved 1114112K
  class space    used 1551K, committed 1664K, reserved 1048576K
}
Event: 9.460 GC heap before
{Heap before GC invocations=3 (full 0):
 PSYoungGen      total 29696K, used 29682K [0x00000000eab00000, 0x00000000ecc00000, 0x0000000100000000)
  eden space 25600K, 100% used [0x00000000eab00000,0x00000000ec400000,0x00000000ec400000)
  from space 4096K, 99% used [0x00000000ec800000,0x00000000ecbfc8e8,0x00000000ecc00000)
  to   space 4096K, 0% used [0x00000000ec400000,0x00000000ec400000,0x00000000ec800000)
 ParOldGen       total 68608K, used 708K [0x00000000c0000000, 0x00000000c4300000, 0x00000000eab00000)
  object space 68608K, 1% used [0x00000000c0000000,0x00000000c00b1350,0x00000000c4300000)
 Metaspace       used 20300K, committed 20736K, reserved 1114112K
  class space    used 2071K, committed 2240K, reserved 1048576K
}
Event: 9.469 GC heap after
{Heap after GC invocations=3 (full 0):
 PSYoungGen      total 29696K, used 4080K [0x00000000eab00000, 0x00000000ecc00000, 0x0000000100000000)
  eden space 25600K, 0% used [0x00000000eab00000,0x00000000eab00000,0x00000000ec400000)
  from space 4096K, 99% used [0x00000000ec400000,0x00000000ec7fc028,0x00000000ec800000)
  to   space 4096K, 0% used [0x00000000ec800000,0x00000000ec800000,0x00000000ecc00000)
 ParOldGen       total 68608K, used 2704K [0x00000000c0000000, 0x00000000c4300000, 0x00000000eab00000)
  object space 68608K, 3% used [0x00000000c0000000,0x00000000c02a43e0,0x00000000c4300000)
 Metaspace       used 20300K, committed 20736K, reserved 1114112K
  class space    used 2071K, committed 2240K, reserved 1048576K
}
Event: 9.788 GC heap before
{Heap before GC invocations=4 (full 0):
 PSYoungGen      total 29696K, used 8657K [0x00000000eab00000, 0x00000000ecc00000, 0x0000000100000000)
  eden space 25600K, 17% used [0x00000000eab00000,0x00000000eaf78510,0x00000000ec400000)
  from space 4096K, 99% used [0x00000000ec400000,0x00000000ec7fc028,0x00000000ec800000)
  to   space 4096K, 0% used [0x00000000ec800000,0x00000000ec800000,0x00000000ecc00000)
 ParOldGen       total 68608K, used 2704K [0x00000000c0000000, 0x00000000c4300000, 0x00000000eab00000)
  object space 68608K, 3% used [0x00000000c0000000,0x00000000c02a43e0,0x00000000c4300000)
 Metaspace       used 21016K, committed 21504K, reserved 1114112K
  class space    used 2143K, committed 2368K, reserved 1048576K
}
Event: 9.794 GC heap after
{Heap after GC invocations=4 (full 0):
 PSYoungGen      total 29696K, used 4064K [0x00000000eab00000, 0x00000000ecc00000, 0x0000000100000000)
  eden space 25600K, 0% used [0x00000000eab00000,0x00000000eab00000,0x00000000ec400000)
  from space 4096K, 99% used [0x00000000ec800000,0x00000000ecbf8038,0x00000000ecc00000)
  to   space 4096K, 0% used [0x00000000ec400000,0x00000000ec400000,0x00000000ec800000)
 ParOldGen       total 68608K, used 2899K [0x00000000c0000000, 0x00000000c4300000, 0x00000000eab00000)
  object space 68608K, 4% used [0x00000000c0000000,0x00000000c02d4fb0,0x00000000c4300000)
 Metaspace       used 21016K, committed 21504K, reserved 1114112K
  class space    used 2143K, committed 2368K, reserved 1048576K
}
Event: 9.794 GC heap before
{Heap before GC invocations=5 (full 1):
 PSYoungGen      total 29696K, used 4064K [0x00000000eab00000, 0x00000000ecc00000, 0x0000000100000000)
  eden space 25600K, 0% used [0x00000000eab00000,0x00000000eab00000,0x00000000ec400000)
  from space 4096K, 99% used [0x00000000ec800000,0x00000000ecbf8038,0x00000000ecc00000)
  to   space 4096K, 0% used [0x00000000ec400000,0x00000000ec400000,0x00000000ec800000)
 ParOldGen       total 68608K, used 2899K [0x00000000c0000000, 0x00000000c4300000, 0x00000000eab00000)
  object space 68608K, 4% used [0x00000000c0000000,0x00000000c02d4fb0,0x00000000c4300000)
 Metaspace       used 21016K, committed 21504K, reserved 1114112K
  class space    used 2143K, committed 2368K, reserved 1048576K
}
Event: 9.836 GC heap after
{Heap after GC invocations=5 (full 1):
 PSYoungGen      total 29696K, used 0K [0x00000000eab00000, 0x00000000ecc00000, 0x0000000100000000)
  eden space 25600K, 0% used [0x00000000eab00000,0x00000000eab00000,0x00000000ec400000)
  from space 4096K, 0% used [0x00000000ec800000,0x00000000ec800000,0x00000000ecc00000)
  to   space 4096K, 0% used [0x00000000ec400000,0x00000000ec400000,0x00000000ec800000)
 ParOldGen       total 68608K, used 6858K [0x00000000c0000000, 0x00000000c4300000, 0x00000000eab00000)
  object space 68608K, 9% used [0x00000000c0000000,0x00000000c06b2ad8,0x00000000c4300000)
 Metaspace       used 21003K, committed 21504K, reserved 1114112K
  class space    used 2139K, committed 2368K, reserved 1048576K
}
Event: 10.873 GC heap before
{Heap before GC invocations=6 (full 1):
 PSYoungGen      total 29696K, used 25600K [0x00000000eab00000, 0x00000000ecc00000, 0x0000000100000000)
  eden space 25600K, 100% used [0x00000000eab00000,0x00000000ec400000,0x00000000ec400000)
  from space 4096K, 0% used [0x00000000ec800000,0x00000000ec800000,0x00000000ecc00000)
  to   space 4096K, 0% used [0x00000000ec400000,0x00000000ec400000,0x00000000ec800000)
 ParOldGen       total 68608K, used 6858K [0x00000000c0000000, 0x00000000c4300000, 0x00000000eab00000)
  object space 68608K, 9% used [0x00000000c0000000,0x00000000c06b2ad8,0x00000000c4300000)
 Metaspace       used 24491K, committed 24960K, reserved 1114112K
  class space    used 2405K, committed 2624K, reserved 1048576K
}
Event: 10.874 GC heap after
{Heap after GC invocations=6 (full 1):
 PSYoungGen      total 25600K, used 323K [0x00000000eab00000, 0x00000000ec880000, 0x0000000100000000)
  eden space 25088K, 0% used [0x00000000eab00000,0x00000000eab00000,0x00000000ec380000)
  from space 512K, 63% used [0x00000000ec400000,0x00000000ec450c98,0x00000000ec480000)
  to   space 2048K, 0% used [0x00000000ec680000,0x00000000ec680000,0x00000000ec880000)
 ParOldGen       total 68608K, used 6866K [0x00000000c0000000, 0x00000000c4300000, 0x00000000eab00000)
  object space 68608K, 10% used [0x00000000c0000000,0x00000000c06b4ad8,0x00000000c4300000)
 Metaspace       used 24491K, committed 24960K, reserved 1114112K
  class space    used 2405K, committed 2624K, reserved 1048576K
}
Event: 16.863 GC heap before
{Heap before GC invocations=7 (full 1):
 PSYoungGen      total 25600K, used 25411K [0x00000000eab00000, 0x00000000ec880000, 0x0000000100000000)
  eden space 25088K, 100% used [0x00000000eab00000,0x00000000ec380000,0x00000000ec380000)
  from space 512K, 63% used [0x00000000ec400000,0x00000000ec450c98,0x00000000ec480000)
  to   space 2048K, 0% used [0x00000000ec680000,0x00000000ec680000,0x00000000ec880000)
 ParOldGen       total 68608K, used 6866K [0x00000000c0000000, 0x00000000c4300000, 0x00000000eab00000)
  object space 68608K, 10% used [0x00000000c0000000,0x00000000c06b4ad8,0x00000000c4300000)
 Metaspace       used 27311K, committed 27840K, reserved 1114112K
  class space    used 2636K, committed 2880K, reserved 1048576K
}
Event: 16.865 GC heap after
{Heap after GC invocations=7 (full 1):
 PSYoungGen      total 25600K, used 818K [0x00000000eab00000, 0x00000000ec780000, 0x0000000100000000)
  eden space 24576K, 0% used [0x00000000eab00000,0x00000000eab00000,0x00000000ec300000)
  from space 1024K, 79% used [0x00000000ec680000,0x00000000ec74c940,0x00000000ec780000)
  to   space 1024K, 0% used [0x00000000ec580000,0x00000000ec580000,0x00000000ec680000)
 ParOldGen       total 68608K, used 6874K [0x00000000c0000000, 0x00000000c4300000, 0x00000000eab00000)
  object space 68608K, 10% used [0x00000000c0000000,0x00000000c06b6ad8,0x00000000c4300000)
 Metaspace       used 27311K, committed 27840K, reserved 1114112K
  class space    used 2636K, committed 2880K, reserved 1048576K
}
Event: 20.766 GC heap before
{Heap before GC invocations=8 (full 1):
 PSYoungGen      total 25600K, used 25394K [0x00000000eab00000, 0x00000000ec780000, 0x0000000100000000)
  eden space 24576K, 100% used [0x00000000eab00000,0x00000000ec300000,0x00000000ec300000)
  from space 1024K, 79% used [0x00000000ec680000,0x00000000ec74c940,0x00000000ec780000)
  to   space 1024K, 0% used [0x00000000ec580000,0x00000000ec580000,0x00000000ec680000)
 ParOldGen       total 68608K, used 6874K [0x00000000c0000000, 0x00000000c4300000, 0x00000000eab00000)
  object space 68608K, 10% used [0x00000000c0000000,0x00000000c06b6ad8,0x00000000c4300000)
 Metaspace       used 31888K, committed 32512K, reserved 1114112K
  class space    used 3130K, committed 3392K, reserved 1048576K
}
Event: 20.771 GC heap after
{Heap after GC invocations=8 (full 1):
 PSYoungGen      total 25088K, used 994K [0x00000000eab00000, 0x00000000ec980000, 0x0000000100000000)
  eden space 24064K, 0% used [0x00000000eab00000,0x00000000eab00000,0x00000000ec280000)
  from space 1024K, 97% used [0x00000000ec580000,0x00000000ec678a88,0x00000000ec680000)
  to   space 3072K, 0% used [0x00000000ec680000,0x00000000ec680000,0x00000000ec980000)
 ParOldGen       total 68608K, used 9027K [0x00000000c0000000, 0x00000000c4300000, 0x00000000eab00000)
  object space 68608K, 13% used [0x00000000c0000000,0x00000000c08d0f00,0x00000000c4300000)
 Metaspace       used 31888K, committed 32512K, reserved 1114112K
  class space    used 3130K, committed 3392K, reserved 1048576K
}
Event: 22.801 GC heap before
{Heap before GC invocations=9 (full 1):
 PSYoungGen      total 25088K, used 21165K [0x00000000eab00000, 0x00000000ec980000, 0x0000000100000000)
  eden space 24064K, 83% used [0x00000000eab00000,0x00000000ebeb2d60,0x00000000ec280000)
  from space 1024K, 97% used [0x00000000ec580000,0x00000000ec678a88,0x00000000ec680000)
  to   space 3072K, 0% used [0x00000000ec680000,0x00000000ec680000,0x00000000ec980000)
 ParOldGen       total 68608K, used 9027K [0x00000000c0000000, 0x00000000c4300000, 0x00000000eab00000)
  object space 68608K, 13% used [0x00000000c0000000,0x00000000c08d0f00,0x00000000c4300000)
 Metaspace       used 35180K, committed 35840K, reserved 1114112K
  class space    used 3552K, committed 3840K, reserved 1048576K
}
Event: 22.804 GC heap after
{Heap after GC invocations=9 (full 1):
 PSYoungGen      total 26624K, used 2277K [0x00000000eab00000, 0x00000000ec900000, 0x0000000100000000)
  eden space 24064K, 0% used [0x00000000eab00000,0x00000000eab00000,0x00000000ec280000)
  from space 2560K, 88% used [0x00000000ec680000,0x00000000ec8b9418,0x00000000ec900000)
  to   space 3072K, 0% used [0x00000000ec300000,0x00000000ec300000,0x00000000ec600000)
 ParOldGen       total 68608K, used 9035K [0x00000000c0000000, 0x00000000c4300000, 0x00000000eab00000)
  object space 68608K, 13% used [0x00000000c0000000,0x00000000c08d2f00,0x00000000c4300000)
 Metaspace       used 35180K, committed 35840K, reserved 1114112K
  class space    used 3552K, committed 3840K, reserved 1048576K
}
Event: 22.804 GC heap before
{Heap before GC invocations=10 (full 2):
 PSYoungGen      total 26624K, used 2277K [0x00000000eab00000, 0x00000000ec900000, 0x0000000100000000)
  eden space 24064K, 0% used [0x00000000eab00000,0x00000000eab00000,0x00000000ec280000)
  from space 2560K, 88% used [0x00000000ec680000,0x00000000ec8b9418,0x00000000ec900000)
  to   space 3072K, 0% used [0x00000000ec300000,0x00000000ec300000,0x00000000ec600000)
 ParOldGen       total 68608K, used 9035K [0x00000000c0000000, 0x00000000c4300000, 0x00000000eab00000)
  object space 68608K, 13% used [0x00000000c0000000,0x00000000c08d2f00,0x00000000c4300000)
 Metaspace       used 35180K, committed 35840K, reserved 1114112K
  class space    used 3552K, committed 3840K, reserved 1048576K
}
Event: 22.843 GC heap after
{Heap after GC invocations=10 (full 2):
 PSYoungGen      total 26624K, used 0K [0x00000000eab00000, 0x00000000ec900000, 0x0000000100000000)
  eden space 24064K, 0% used [0x00000000eab00000,0x00000000eab00000,0x00000000ec280000)
  from space 2560K, 0% used [0x00000000ec680000,0x00000000ec680000,0x00000000ec900000)
  to   space 3072K, 0% used [0x00000000ec300000,0x00000000ec300000,0x00000000ec600000)
 ParOldGen       total 68608K, used 11111K [0x00000000c0000000, 0x00000000c4300000, 0x00000000eab00000)
  object space 68608K, 16% used [0x00000000c0000000,0x00000000c0ad9c60,0x00000000c4300000)
 Metaspace       used 35180K, committed 35840K, reserved 1114112K
  class space    used 3552K, committed 3840K, reserved 1048576K
}
Event: 23.822 GC heap before
{Heap before GC invocations=11 (full 2):
 PSYoungGen      total 26624K, used 24064K [0x00000000eab00000, 0x00000000ec900000, 0x0000000100000000)
  eden space 24064K, 100% used [0x00000000eab00000,0x00000000ec280000,0x00000000ec280000)
  from space 2560K, 0% used [0x00000000ec680000,0x00000000ec680000,0x00000000ec900000)
  to   space 3072K, 0% used [0x00000000ec300000,0x00000000ec300000,0x00000000ec600000)
 ParOldGen       total 68608K, used 11111K [0x00000000c0000000, 0x00000000c4300000, 0x00000000eab00000)
  object space 68608K, 16% used [0x00000000c0000000,0x00000000c0ad9c60,0x00000000c4300000)
 Metaspace       used 36587K, committed 37376K, reserved 1114112K
  class space    used 3713K, committed 4032K, reserved 1048576K
}
Event: 23.827 GC heap after
{Heap after GC invocations=11 (full 2):
 PSYoungGen      total 26112K, used 2176K [0x00000000eab00000, 0x00000000ec700000, 0x0000000100000000)
  eden space 23552K, 0% used [0x00000000eab00000,0x00000000eab00000,0x00000000ec200000)
  from space 2560K, 85% used [0x00000000ec300000,0x00000000ec520020,0x00000000ec580000)
  to   space 1536K, 0% used [0x00000000ec580000,0x00000000ec580000,0x00000000ec700000)
 ParOldGen       total 68608K, used 11119K [0x00000000c0000000, 0x00000000c4300000, 0x00000000eab00000)
  object space 68608K, 16% used [0x00000000c0000000,0x00000000c0adbc60,0x00000000c4300000)
 Metaspace       used 36587K, committed 37376K, reserved 1114112K
  class space    used 3713K, committed 4032K, reserved 1048576K
}

Dll operation events (10 events):
Event: 0.026 Loaded shared library c:\Users\maxim\.vscode\extensions\redhat.java-1.25.1-win32-x64\jre\17.0.9-win32-x86_64\bin\java.dll
Event: 1.821 Loaded shared library c:\Users\maxim\.vscode\extensions\redhat.java-1.25.1-win32-x64\jre\17.0.9-win32-x86_64\bin\zip.dll
Event: 1.909 Loaded shared library C:\Users\maxim\.vscode\extensions\redhat.java-1.25.1-win32-x64\jre\17.0.9-win32-x86_64\bin\instrument.dll
Event: 1.931 Loaded shared library C:\Users\maxim\.vscode\extensions\redhat.java-1.25.1-win32-x64\jre\17.0.9-win32-x86_64\bin\net.dll
Event: 1.937 Loaded shared library C:\Users\maxim\.vscode\extensions\redhat.java-1.25.1-win32-x64\jre\17.0.9-win32-x86_64\bin\nio.dll
Event: 1.946 Loaded shared library C:\Users\maxim\.vscode\extensions\redhat.java-1.25.1-win32-x64\jre\17.0.9-win32-x86_64\bin\zip.dll
Event: 2.137 Loaded shared library C:\Users\maxim\.vscode\extensions\redhat.java-1.25.1-win32-x64\jre\17.0.9-win32-x86_64\bin\jimage.dll
Event: 2.650 Loaded shared library c:\Users\maxim\.vscode\extensions\redhat.java-1.25.1-win32-x64\jre\17.0.9-win32-x86_64\bin\verify.dll
Event: 7.513 Loaded shared library C:\Users\maxim\AppData\Roaming\Code\User\globalStorage\redhat.java\1.25.1\config_ss_win\org.eclipse.equinox.launcher\org.eclipse.equinox.launcher.win32.win32.x86_64_1.2.800.v20231003-1442\eclipse_11802.dll
Event: 20.570 Loaded shared library C:\Users\maxim\AppData\Local\Temp\jna-103672200\jna7630836606264137474.dll

Deoptimization events (20 events):
Event: 23.538 Thread 0x0000025e043ff3e0 Uncommon trap: trap_request=0xffffffbe fr.pc=0x0000025e74f43ba0 relative=0x0000000000000600
Event: 23.538 Thread 0x0000025e043ff3e0 Uncommon trap: reason=profile_predicate action=maybe_recompile pc=0x0000025e74f43ba0 method=jdk.internal.jimage.ImageStringsReader.stringFromByteBufferMatches(Ljava/nio/ByteBuffer;ILjava/lang/String;I)I @ 19 c2
Event: 23.538 Thread 0x0000025e043ff3e0 DEOPT PACKING pc=0x0000025e74f43ba0 sp=0x0000009ac83fdd90
Event: 23.538 Thread 0x0000025e043ff3e0 DEOPT UNPACKING pc=0x0000025e748a66a3 sp=0x0000009ac83fdd08 mode 2
Event: 23.542 Thread 0x0000025e043ff3e0 Uncommon trap: trap_request=0xffffff45 fr.pc=0x0000025e74f45298 relative=0x00000000000003f8
Event: 23.542 Thread 0x0000025e043ff3e0 Uncommon trap: reason=unstable_if action=reinterpret pc=0x0000025e74f45298 method=jdk.internal.jrtfs.JrtPath.normalize(Ljava/lang/String;)Ljava/lang/String; @ 78 c2
Event: 23.542 Thread 0x0000025e043ff3e0 DEOPT PACKING pc=0x0000025e74f45298 sp=0x0000009ac83fdd00
Event: 23.542 Thread 0x0000025e043ff3e0 DEOPT UNPACKING pc=0x0000025e748a66a3 sp=0x0000009ac83fdc80 mode 2
Event: 23.647 Thread 0x0000025e043ff3e0 Uncommon trap: trap_request=0xffffff45 fr.pc=0x0000025e74e63094 relative=0x0000000000000254
Event: 23.647 Thread 0x0000025e043ff3e0 Uncommon trap: reason=unstable_if action=reinterpret pc=0x0000025e74e63094 method=java.util.HashMap.getNode(Ljava/lang/Object;)Ljava/util/HashMap$Node; @ 66 c2
Event: 23.647 Thread 0x0000025e043ff3e0 DEOPT PACKING pc=0x0000025e74e63094 sp=0x0000009ac83fdfe0
Event: 23.647 Thread 0x0000025e043ff3e0 DEOPT UNPACKING pc=0x0000025e748a66a3 sp=0x0000009ac83fdf00 mode 2
Event: 23.678 Thread 0x0000025e043ff3e0 Uncommon trap: trap_request=0xffffff45 fr.pc=0x0000025e74e8a018 relative=0x0000000000000258
Event: 23.678 Thread 0x0000025e043ff3e0 Uncommon trap: reason=unstable_if action=reinterpret pc=0x0000025e74e8a018 method=java.util.HashMap.getNode(Ljava/lang/Object;)Ljava/util/HashMap$Node; @ 66 c2
Event: 23.678 Thread 0x0000025e043ff3e0 DEOPT PACKING pc=0x0000025e74e8a018 sp=0x0000009ac83fdfa0
Event: 23.678 Thread 0x0000025e043ff3e0 DEOPT UNPACKING pc=0x0000025e748a66a3 sp=0x0000009ac83fdf20 mode 2
Event: 23.795 Thread 0x0000025e043ff3e0 Uncommon trap: trap_request=0xffffff45 fr.pc=0x0000025e74f4fca0 relative=0x0000000000000260
Event: 23.795 Thread 0x0000025e043ff3e0 Uncommon trap: reason=unstable_if action=reinterpret pc=0x0000025e74f4fca0 method=java.util.HashMap.getNode(Ljava/lang/Object;)Ljava/util/HashMap$Node; @ 131 c2
Event: 23.795 Thread 0x0000025e043ff3e0 DEOPT PACKING pc=0x0000025e74f4fca0 sp=0x0000009ac83fdfe0
Event: 23.795 Thread 0x0000025e043ff3e0 DEOPT UNPACKING pc=0x0000025e748a66a3 sp=0x0000009ac83fdf00 mode 2

Classes unloaded (7 events):
Event: 9.804 Thread 0x0000025e7eb40ab0 Unloading class 0x0000000100222000 'java/lang/invoke/LambdaForm$MH+0x0000000100222000'
Event: 9.804 Thread 0x0000025e7eb40ab0 Unloading class 0x0000000100221c00 'java/lang/invoke/LambdaForm$MH+0x0000000100221c00'
Event: 9.804 Thread 0x0000025e7eb40ab0 Unloading class 0x0000000100221800 'java/lang/invoke/LambdaForm$MH+0x0000000100221800'
Event: 9.804 Thread 0x0000025e7eb40ab0 Unloading class 0x0000000100221400 'java/lang/invoke/LambdaForm$MH+0x0000000100221400'
Event: 9.804 Thread 0x0000025e7eb40ab0 Unloading class 0x0000000100221000 'java/lang/invoke/LambdaForm$BMH+0x0000000100221000'
Event: 9.804 Thread 0x0000025e7eb40ab0 Unloading class 0x0000000100220c00 'java/lang/invoke/LambdaForm$DMH+0x0000000100220c00'
Event: 9.804 Thread 0x0000025e7eb40ab0 Unloading class 0x000000010021e000 'java/lang/invoke/LambdaForm$DMH+0x000000010021e000'

Classes redefined (0 events):
No events

Internal exceptions (20 events):
Event: 17.396 Thread 0x0000025e0456c0b0 Exception <a 'java/lang/NoSuchMethodError'{0x00000000eae25af8}: 'java.lang.Object java.lang.invoke.DirectMethodHandle$Holder.invokeStaticInit(java.lang.Object, int, int, int, int)'> (0x00000000eae25af8) 
thrown [s\src\hotspot\share\interpreter\linkResolver.cpp, line 759]
Event: 17.934 Thread 0x0000025e0456c0b0 Exception <a 'java/lang/NoSuchMethodError'{0x00000000eaf5e1d8}: 'java.lang.Object java.lang.invoke.DirectMethodHandle$Holder.invokeStaticInit(java.lang.Object, java.lang.Object, int, int, int, int)'> (0x00000000eaf5e1d8) 
thrown [s\src\hotspot\share\interpreter\linkResolver.cpp, line 759]
Event: 18.027 Thread 0x0000025e0456c0b0 Exception <a 'sun/nio/fs/WindowsException'{0x00000000eb0f19d0}> (0x00000000eb0f19d0) 
thrown [s\src\hotspot\share\prims\jni.cpp, line 516]
Event: 18.487 Thread 0x0000025e0456c0b0 Exception <a 'java/lang/ClassNotFoundException'{0x00000000eb77f270}: com/sun/org/apache/xml/internal/serializer/spi/XMLEntitiesProvider> (0x00000000eb77f270) 
thrown [s\src\hotspot\share\classfile\systemDictionary.cpp, line 256]
Event: 18.858 Thread 0x0000025e0456c0b0 Exception <a 'java/io/FileNotFoundException'{0x00000000ebd65a40}> (0x00000000ebd65a40) 
thrown [s\src\hotspot\share\prims\jni.cpp, line 516]
Event: 20.632 Thread 0x0000025e0456c0b0 Exception <a 'java/lang/UnsatisfiedLinkError'{0x00000000ec1471d0}: Не найдена указанная процедура.
> (0x00000000ec1471d0) 
thrown [s\src\hotspot\share\prims\jni.cpp, line 535]
Event: 20.662 Thread 0x0000025e0456c0b0 Exception <a 'java/io/FileNotFoundException'{0x00000000ec16a670}> (0x00000000ec16a670) 
thrown [s\src\hotspot\share\prims\jni.cpp, line 516]
Event: 20.673 Thread 0x0000025e0456c0b0 Exception <a 'java/io/FileNotFoundException'{0x00000000ec1de188}> (0x00000000ec1de188) 
thrown [s\src\hotspot\share\prims\jni.cpp, line 516]
Event: 20.686 Thread 0x0000025e0456c0b0 Exception <a 'java/lang/UnsatisfiedLinkError'{0x00000000ec26a628}: Не найдена указанная процедура.
> (0x00000000ec26a628) 
thrown [s\src\hotspot\share\prims\jni.cpp, line 535]
Event: 20.812 Thread 0x0000025e68e76e10 Exception <a 'java/lang/NoSuchMethodError'{0x00000000eac286c0}: 'java.lang.Object java.lang.invoke.DirectMethodHandle$Holder.invokeStatic(java.lang.Object, java.lang.Object, long, java.lang.Object)'> (0x00000000eac286c0) 
thrown [s\src\hotspot\share\interpreter\linkResolver.cpp, line 759]
Event: 20.812 Thread 0x0000025e68e76e10 Exception <a 'java/lang/NoSuchMethodError'{0x00000000eac2c158}: 'java.lang.Object java.lang.invoke.DirectMethodHandle$Holder.invokeStaticInit(java.lang.Object, java.lang.Object, long, java.lang.Object)'> (0x00000000eac2c158) 
thrown [s\src\hotspot\share\interpreter\linkResolver.cpp, line 759]
Event: 20.812 Thread 0x0000025e68e76e10 Exception <a 'java/lang/NoSuchMethodError'{0x00000000eac329e8}: 'java.lang.Object java.lang.invoke.DirectMethodHandle$Holder.newInvokeSpecial(java.lang.Object, java.lang.Object, long)'> (0x00000000eac329e8) 
thrown [s\src\hotspot\share\interpreter\linkResolver.cpp, line 759]
Event: 21.036 Thread 0x0000025e68e76e10 Exception <a 'java/lang/NoSuchMethodError'{0x00000000eade3f90}: 'void java.lang.invoke.DirectMethodHandle$Holder.invokeStatic(java.lang.Object, java.lang.Object, java.lang.Object, java.lang.Object)'> (0x00000000eade3f90) 
thrown [s\src\hotspot\share\interpreter\linkResolver.cpp, line 759]
Event: 21.760 Thread 0x0000025e68e76e10 Exception <a 'java/lang/NoSuchMethodError'{0x00000000eb5fb6a0}: 'void java.lang.invoke.DirectMethodHandle$Holder.invokeSpecial(java.lang.Object, java.lang.Object, java.lang.Object, java.lang.Object, java.lang.Object, java.lang.Object)'> (0x00000000eb5fb6a0) 
thrown [s\src\hotspot\share\interpreter\linkResolver.cpp, line 759]
Event: 21.762 Thread 0x0000025e68e76e10 Exception <a 'java/lang/IncompatibleClassChangeError'{0x00000000eb604e48}: Found class java.lang.Object, but interface was expected> (0x00000000eb604e48) 
thrown [s\src\hotspot\share\interpreter\linkResolver.cpp, line 826]
Event: 22.467 Thread 0x0000025e043ffe00 Exception <a 'java/io/FileNotFoundException'{0x00000000ebbec130}> (0x00000000ebbec130) 
thrown [s\src\hotspot\share\prims\jni.cpp, line 516]
Event: 22.588 Thread 0x0000025e043ffe00 Exception <a 'sun/nio/fs/WindowsException'{0x00000000ebd9af48}> (0x00000000ebd9af48) 
thrown [s\src\hotspot\share\prims\jni.cpp, line 516]
Event: 22.596 Thread 0x0000025e043fd070 Exception <a 'java/io/FileNotFoundException'{0x00000000ebdb62c8}> (0x00000000ebdb62c8) 
thrown [s\src\hotspot\share\prims\jni.cpp, line 516]
Event: 22.596 Thread 0x0000025e043fd070 Exception <a 'java/io/FileNotFoundException'{0x00000000ebdb7918}> (0x00000000ebdb7918) 
thrown [s\src\hotspot\share\prims\jni.cpp, line 516]
Event: 22.906 Thread 0x0000025e043ff3e0 Exception <a 'java/lang/NoSuchMethodError'{0x00000000eae81490}: 'java.lang.Object java.lang.invoke.Invokers$Holder.invoke_MT(java.lang.Object, java.lang.Object, java.lang.Object)'> (0x00000000eae81490) 
thrown [s\src\hotspot\share\interpreter\linkResolver.cpp, line 759]

VM Operations (20 events):
Event: 20.776 Executing VM operation: HandshakeAllThreads
Event: 20.776 Executing VM operation: HandshakeAllThreads done
Event: 21.777 Executing VM operation: Cleanup
Event: 21.906 Executing VM operation: Cleanup done
Event: 22.450 Executing VM operation: HandshakeAllThreads
Event: 22.450 Executing VM operation: HandshakeAllThreads done
Event: 22.801 Executing VM operation: CollectForMetadataAllocation
Event: 22.844 Executing VM operation: CollectForMetadataAllocation done
Event: 22.881 Executing VM operation: HandshakeAllThreads
Event: 22.881 Executing VM operation: HandshakeAllThreads done
Event: 23.015 Executing VM operation: HandshakeAllThreads
Event: 23.015 Executing VM operation: HandshakeAllThreads done
Event: 23.015 Executing VM operation: HandshakeAllThreads
Event: 23.015 Executing VM operation: HandshakeAllThreads done
Event: 23.734 Executing VM operation: HandshakeAllThreads
Event: 23.796 Executing VM operation: HandshakeAllThreads done
Event: 23.806 Executing VM operation: ICBufferFull
Event: 23.806 Executing VM operation: ICBufferFull done
Event: 23.822 Executing VM operation: ParallelGCFailedAllocation
Event: 23.827 Executing VM operation: ParallelGCFailedAllocation done

Events (20 events):
Event: 23.408 loading class java/nio/file/FileTreeWalker$DirectoryNode
Event: 23.408 loading class java/nio/file/FileTreeWalker$DirectoryNode done
Event: 23.408 loading class java/nio/file/FileTreeWalker$Event
Event: 23.408 loading class java/nio/file/FileTreeWalker$Event done
Event: 23.408 loading class java/nio/file/FileTreeWalker$EventType
Event: 23.408 loading class java/nio/file/FileTreeWalker$EventType done
Event: 23.408 loading class java/nio/file/Files$3
Event: 23.408 loading class java/nio/file/Files$3 done
Event: 23.408 loading class java/nio/file/FileVisitResult
Event: 23.408 loading class java/nio/file/FileVisitResult done
Event: 23.543 loading class java/util/regex/Pattern$BackRef
Event: 23.543 loading class java/util/regex/Pattern$BackRef done
Event: 23.554 loading class java/lang/ThreadLocal$SuppliedThreadLocal
Event: 23.554 loading class java/lang/ThreadLocal$SuppliedThreadLocal done
Event: 23.662 loading class java/nio/channels/Channels$ReadableByteChannelImpl
Event: 23.662 loading class java/nio/channels/Channels$ReadableByteChannelImpl done
Event: 23.663 loading class java/nio/channels/NonWritableChannelException
Event: 23.663 loading class java/nio/channels/NonWritableChannelException done
Event: 23.663 loading class sun/nio/ch/ChannelInputStream
Event: 23.663 loading class sun/nio/ch/ChannelInputStream done


Dynamic libraries:
0x00007ff613310000 - 0x00007ff61331e000 	c:\Users\maxim\.vscode\extensions\redhat.java-1.25.1-win32-x64\jre\17.0.9-win32-x86_64\bin\java.exe
0x00007fff3a0d0000 - 0x00007fff3a2c8000 	C:\windows\SYSTEM32\ntdll.dll
0x00007fff38990000 - 0x00007fff38a4d000 	C:\windows\System32\KERNEL32.DLL
0x00007fff37d40000 - 0x00007fff38036000 	C:\windows\System32\KERNELBASE.dll
0x00007fff379f0000 - 0x00007fff37af0000 	C:\windows\System32\ucrtbase.dll
0x00007fff20bd0000 - 0x00007fff20be7000 	c:\Users\maxim\.vscode\extensions\redhat.java-1.25.1-win32-x64\jre\17.0.9-win32-x86_64\bin\jli.dll
0x00007fff38a80000 - 0x00007fff38c1e000 	C:\windows\System32\USER32.dll
0x00007fff37c50000 - 0x00007fff37c72000 	C:\windows\System32\win32u.dll
0x00007fff39b90000 - 0x00007fff39bbc000 	C:\windows\System32\GDI32.dll
0x00007fff378d0000 - 0x00007fff379ea000 	C:\windows\System32\gdi32full.dll
0x00007fff38040000 - 0x00007fff380dd000 	C:\windows\System32\msvcp_win.dll
0x00007fff1f910000 - 0x00007fff1f92b000 	c:\Users\maxim\.vscode\extensions\redhat.java-1.25.1-win32-x64\jre\17.0.9-win32-x86_64\bin\VCRUNTIME140.dll
0x00007fff196d0000 - 0x00007fff1996a000 	C:\windows\WinSxS\amd64_microsoft.windows.common-controls_6595b64144ccf1df_6.0.19041.3636_none_60b6a03d71f818d5\COMCTL32.dll
0x00007fff38130000 - 0x00007fff381ce000 	C:\windows\System32\msvcrt.dll
0x00007fff38a50000 - 0x00007fff38a80000 	C:\windows\System32\IMM32.DLL
0x00007fff33680000 - 0x00007fff3368c000 	c:\Users\maxim\.vscode\extensions\redhat.java-1.25.1-win32-x64\jre\17.0.9-win32-x86_64\bin\vcruntime140_1.dll
0x00007fff01d70000 - 0x00007fff01dfd000 	c:\Users\maxim\.vscode\extensions\redhat.java-1.25.1-win32-x64\jre\17.0.9-win32-x86_64\bin\msvcp140.dll
0x00007ffedd870000 - 0x00007ffede4d1000 	c:\Users\maxim\.vscode\extensions\redhat.java-1.25.1-win32-x64\jre\17.0.9-win32-x86_64\bin\server\jvm.dll
0x00007fff38360000 - 0x00007fff3840f000 	C:\windows\System32\ADVAPI32.dll
0x00007fff39ec0000 - 0x00007fff39f5c000 	C:\windows\System32\sechost.dll
0x00007fff39a60000 - 0x00007fff39b86000 	C:\windows\System32\RPCRT4.dll
0x00007fff37610000 - 0x00007fff3765b000 	C:\windows\SYSTEM32\POWRPROF.dll
0x00007fff321b0000 - 0x00007fff321b9000 	C:\windows\SYSTEM32\WSOCK32.dll
0x00007fff39990000 - 0x00007fff399fb000 	C:\windows\System32\WS2_32.dll
0x00007fff250f0000 - 0x00007fff25117000 	C:\windows\SYSTEM32\WINMM.dll
0x00007fff2f100000 - 0x00007fff2f10a000 	C:\windows\SYSTEM32\VERSION.dll
0x00007fff375f0000 - 0x00007fff37602000 	C:\windows\SYSTEM32\UMPDC.dll
0x00007fff35670000 - 0x00007fff35682000 	C:\windows\SYSTEM32\kernel.appcore.dll
0x00007fff31f80000 - 0x00007fff31f8a000 	c:\Users\maxim\.vscode\extensions\redhat.java-1.25.1-win32-x64\jre\17.0.9-win32-x86_64\bin\jimage.dll
0x00007fff2f730000 - 0x00007fff2f914000 	C:\windows\SYSTEM32\DBGHELP.DLL
0x00007fff1f930000 - 0x00007fff1f964000 	C:\windows\SYSTEM32\dbgcore.DLL
0x00007fff37c80000 - 0x00007fff37d02000 	C:\windows\System32\bcryptPrimitives.dll
0x00007fff317e0000 - 0x00007fff317ee000 	c:\Users\maxim\.vscode\extensions\redhat.java-1.25.1-win32-x64\jre\17.0.9-win32-x86_64\bin\instrument.dll
0x00007fff166c0000 - 0x00007fff166e5000 	c:\Users\maxim\.vscode\extensions\redhat.java-1.25.1-win32-x64\jre\17.0.9-win32-x86_64\bin\java.dll
0x00007fff1f650000 - 0x00007fff1f668000 	c:\Users\maxim\.vscode\extensions\redhat.java-1.25.1-win32-x64\jre\17.0.9-win32-x86_64\bin\zip.dll
0x00007fff39240000 - 0x00007fff39985000 	C:\windows\System32\SHELL32.dll
0x00007fff35870000 - 0x00007fff3600b000 	C:\windows\SYSTEM32\windows.storage.dll
0x00007fff38d10000 - 0x00007fff39064000 	C:\windows\System32\combase.dll
0x00007fff37120000 - 0x00007fff3714d000 	C:\windows\SYSTEM32\Wldp.dll
0x00007fff39190000 - 0x00007fff3923d000 	C:\windows\System32\SHCORE.dll
0x00007fff39bc0000 - 0x00007fff39c15000 	C:\windows\System32\shlwapi.dll
0x00007fff376e0000 - 0x00007fff37705000 	C:\windows\SYSTEM32\profapi.dll
0x00007fff30aa0000 - 0x00007fff30ab9000 	C:\Users\maxim\.vscode\extensions\redhat.java-1.25.1-win32-x64\jre\17.0.9-win32-x86_64\bin\net.dll
0x00007fff2f3a0000 - 0x00007fff2f4aa000 	C:\windows\SYSTEM32\WINHTTP.dll
0x00007fff36e80000 - 0x00007fff36eea000 	C:\windows\system32\mswsock.dll
0x00007fff2a040000 - 0x00007fff2a056000 	C:\Users\maxim\.vscode\extensions\redhat.java-1.25.1-win32-x64\jre\17.0.9-win32-x86_64\bin\nio.dll
0x00007fff30350000 - 0x00007fff30360000 	c:\Users\maxim\.vscode\extensions\redhat.java-1.25.1-win32-x64\jre\17.0.9-win32-x86_64\bin\verify.dll
0x00007fff34fa0000 - 0x00007fff34fde000 	C:\Users\maxim\AppData\Roaming\Code\User\globalStorage\redhat.java\1.25.1\config_ss_win\org.eclipse.equinox.launcher\org.eclipse.equinox.launcher.win32.win32.x86_64_1.2.800.v20231003-1442\eclipse_11802.dll
0x00007fff39f60000 - 0x00007fff3a08b000 	C:\windows\System32\ole32.dll
0x00007fff37070000 - 0x00007fff37088000 	C:\windows\SYSTEM32\CRYPTSP.dll
0x00007fff367b0000 - 0x00007fff367e4000 	C:\windows\system32\rsaenh.dll
0x00007fff37d10000 - 0x00007fff37d37000 	C:\windows\System32\bcrypt.dll
0x00007fff376a0000 - 0x00007fff376ce000 	C:\windows\SYSTEM32\USERENV.dll
0x00007fff37090000 - 0x00007fff3709c000 	C:\windows\SYSTEM32\CRYPTBASE.dll
0x00007fff36b70000 - 0x00007fff36bab000 	C:\windows\SYSTEM32\IPHLPAPI.DLL
0x00007fff38340000 - 0x00007fff38348000 	C:\windows\System32\NSI.dll
0x00007fff2f9e0000 - 0x00007fff2f9f7000 	C:\windows\SYSTEM32\dhcpcsvc6.DLL
0x00007fff30660000 - 0x00007fff3067d000 	C:\windows\SYSTEM32\dhcpcsvc.DLL
0x00007fff36bc0000 - 0x00007fff36c8a000 	C:\windows\SYSTEM32\DNSAPI.dll
0x00007fff00e30000 - 0x00007fff00e75000 	C:\Users\maxim\AppData\Local\Temp\jna-103672200\jna7630836606264137474.dll
0x00007fff38350000 - 0x00007fff38358000 	C:\windows\System32\PSAPI.DLL

dbghelp: loaded successfully - version: 4.0.5 - missing functions: none
symbol engine: initialized successfully - sym options: 0x614 - pdb path: .;c:\Users\maxim\.vscode\extensions\redhat.java-1.25.1-win32-x64\jre\17.0.9-win32-x86_64\bin;C:\windows\SYSTEM32;C:\windows\WinSxS\amd64_microsoft.windows.common-controls_6595b64144ccf1df_6.0.19041.3636_none_60b6a03d71f818d5;c:\Users\maxim\.vscode\extensions\redhat.java-1.25.1-win32-x64\jre\17.0.9-win32-x86_64\bin\server;C:\Users\maxim\AppData\Roaming\Code\User\globalStorage\redhat.java\1.25.1\config_ss_win\org.eclipse.equinox.launcher\org.eclipse.equinox.launcher.win32.win32.x86_64_1.2.800.v20231003-1442;C:\Users\maxim\AppData\Local\Temp\jna-103672200

VM Arguments:
jvm_args: --add-modules=ALL-SYSTEM --add-opens=java.base/java.util=ALL-UNNAMED --add-opens=java.base/java.lang=ALL-UNNAMED --add-opens=java.base/sun.nio.fs=ALL-UNNAMED -Declipse.application=org.eclipse.jdt.ls.core.id1 -Dosgi.bundles.defaultStartLevel=4 -Declipse.product=org.eclipse.jdt.ls.core.product -Djava.import.generatesMetadataFilesAtProjectRoot=false -DDetectVMInstallationsJob.disabled=true -Dfile.encoding=utf8 -XX:+UseParallelGC -XX:GCTimeRatio=4 -XX:AdaptiveSizePolicyWeight=90 -Dsun.zip.disableMemoryMapping=true -Xmx1G -Xms100m -Xlog:disable -javaagent:c:\Users\maxim\.vscode\extensions\redhat.java-1.25.1-win32-x64\lombok\lombok-1.18.30.jar 
java_command: c:\Users\maxim\.vscode\extensions\redhat.java-1.25.1-win32-x64\server\plugins\org.eclipse.equinox.launcher_1.6.600.v20231106-1826.jar -configuration c:\Users\maxim\AppData\Roaming\Code\User\globalStorage\redhat.java\1.25.1\config_ss_win -data c:\Users\maxim\AppData\Roaming\Code\User\workspaceStorage\bbbf08e44ac70075ae9bc2900a70960a\redhat.java\ss_ws --stdio
java_class_path (initial): c:\Users\maxim\.vscode\extensions\redhat.java-1.25.1-win32-x64\server\plugins\org.eclipse.equinox.launcher_1.6.600.v20231106-1826.jar
Launcher Type: SUN_STANDARD

[Global flags]
    uintx AdaptiveSizePolicyWeight                 = 90                                        {product} {command line}
     intx CICompilerCount                          = 2                                         {product} {ergonomic}
    uintx GCTimeRatio                              = 4                                         {product} {command line}
   size_t InitialHeapSize                          = 104857600                                 {product} {command line}
   size_t MaxHeapSize                              = 1073741824                                {product} {command line}
   size_t MaxNewSize                               = 357564416                                 {product} {ergonomic}
   size_t MinHeapDeltaBytes                        = 524288                                    {product} {ergonomic}
   size_t MinHeapSize                              = 104857600                                 {product} {command line}
   size_t NewSize                                  = 34603008                                  {product} {ergonomic}
    uintx NonNMethodCodeHeapSize                   = 5826188                                {pd product} {ergonomic}
    uintx NonProfiledCodeHeapSize                  = 122916026                              {pd product} {ergonomic}
   size_t OldSize                                  = 70254592                                  {product} {ergonomic}
    uintx ProfiledCodeHeapSize                     = 122916026                              {pd product} {ergonomic}
    uintx ReservedCodeCacheSize                    = 251658240                              {pd product} {ergonomic}
     bool SegmentedCodeCache                       = true                                      {product} {ergonomic}
   size_t SoftMaxHeapSize                          = 1073741824                             {manageable} {ergonomic}
     bool UseCompressedClassPointers               = true                           {product lp64_product} {ergonomic}
     bool UseCompressedOops                        = true                           {product lp64_product} {ergonomic}
     bool UseLargePagesIndividualAllocation        = false                                  {pd product} {ergonomic}
     bool UseParallelGC                            = true                                      {product} {command line}

Logging:
Log output configuration:
 #0: stdout all=off uptime,level,tags
 #1: stderr all=off uptime,level,tags

Environment Variables:
PATH=C:\Program Files\Common Files\Oracle\Java\javapath;C:\Program Files\Eclipse Adoptium\jdk-17.0.8.7-hotspot\bin;C:\windows\system32;C:\windows;C:\windows\System32\Wbem;C:\windows\System32\WindowsPowerShell\v1.0\;C:\windows\System32\OpenSSH\;C:\Program Files\Git\cmd;C:\Program Files\dotnet\;C:\Users\maxim\AppData\Local\Programs\Python\Python311\Scripts\;C:\Users\maxim\AppData\Local\Programs\Python\Python311\;C:\Users\maxim\AppData\Local\Microsoft\WindowsApps;C:\Users\maxim\AppData\Local\atom\bin;C:\Users\maxim\.dotnet\tools;C:\Users\maxim\AppData\Local\Programs\Microsoft VS Code\bin;C:\Users\maxim\AppData\Local\GitHubDesktop\bin
USERNAME=maxim
OS=Windows_NT
PROCESSOR_IDENTIFIER=AMD64 Family 23 Model 24 Stepping 1, AuthenticAMD
TMP=C:\Users\maxim\AppData\Local\Temp
TEMP=C:\Users\maxim\AppData\Local\Temp



Periodic native trim disabled


---------------  S Y S T E M  ---------------

OS:
 Windows 10 , 64 bit Build 19041 (10.0.19041.3636)
OS uptime: 6 days 1:13 hours

CPU: total 2 (initial active 2) (2 cores per cpu, 1 threads per core) family 23 model 24 stepping 1 microcode 0x0, cx8, cmov, fxsr, mmx, 3dnowpref, sse, sse2, sse3, ssse3, sse4a, sse4.1, sse4.2, popcnt, lzcnt, tsc, tscinvbit, avx, avx2, aes, clmul, bmi1, bmi2, adx, sha, fma, vzeroupper, clflush, clflushopt
Processor Information for all 2 processors :
  Max Mhz: 2300, Current Mhz: 2300, Mhz Limit: 2300

Memory: 4k page, system-wide physical 3463M (33M free)
TotalPageFile size 14215M (AvailPageFile size 35M)
current process WorkingSet (physical memory assigned to process): 124M, peak: 143M
current process commit charge ("private bytes"): 221M, peak: 230M

vm_info: OpenJDK 64-Bit Server VM (17.0.9+9) for windows-amd64 JRE (17.0.9+9), built on Oct 26 2023 14:01:42 by "admin" with MS VC++ 16.10 / 16.11 (VS2019)

END.
